<?xml version="1.0" encoding="UTF-8"?>
<!-- Generated by org.testng.reporters.JUnitXMLReporter -->
<testsuite ignored="1" hostname="Kiran" failures="0" tests="2" name="Test" time="43.472" errors="0" timestamp="2024-02-27T10:23:47 IST">
  <testcase classname="testNg.ToCreateContactTest" name="createOrganization" time="10.983"/>
  <testcase classname="testNg.ToCreateContactWithOrganizationTest" name="createContactWithOrganizationTest" time="10.555"/>
  <testcase classname="vtiger.GenericUtilities.BaseClass" name="@BeforeSuite basicConfiguration" time="0.0">
    <ignored/>
  </testcase> <!-- @BeforeSuite basicConfiguration -->
</testsuite> <!-- Test -->
