<?xml version="1.0" encoding="UTF-8"?>
<!-- Generated by org.testng.reporters.JUnitXMLReporter -->
<testsuite ignored="0" hostname="Kiran" failures="0" tests="1" name="Test1" time="22.462" errors="0" timestamp="2024-03-01T19:21:46 IST">
  <testcase classname="vtiger.GenericUtilities.BaseClassForGroup" name="@BeforeTest beforeClassConfiguration" time="5.528">
    <failure type="org.openqa.selenium.remote.NoSuchDriverException" message="Unable to obtain: Capabilities {browserName: MicrosoftEdge, ms:edgeOptions: {args: [--remote-allow-origins=*], extensions: []}}, error Command failed with code: 65, executed: [--browser, MicrosoftEdge, --output, json]
request or response body error: error reading a body from connection: cannot decrypt peer&amp;apos;s message
Build info: version: &amp;apos;4.12.1&amp;apos;, revision: &amp;apos;8e34639b11&amp;apos;
System info: os.name: &amp;apos;Windows 11&amp;apos;, os.arch: &amp;apos;amd64&amp;apos;, os.version: &amp;apos;10.0&amp;apos;, java.version: &amp;apos;17.0.2&amp;apos;
Driver info: driver.version: EdgeDriver">
      <![CDATA[org.openqa.selenium.remote.NoSuchDriverException: Unable to obtain: Capabilities {browserName: MicrosoftEdge, ms:edgeOptions: {args: [--remote-allow-origins=*], extensions: []}}, error Command failed with code: 65, executed: [--browser, MicrosoftEdge, --output, json]
request or response body error: error reading a body from connection: cannot decrypt peer's message
Build info: version: '4.12.1', revision: '8e34639b11'
System info: os.name: 'Windows 11', os.arch: 'amd64', os.version: '10.0', java.version: '17.0.2'
Driver info: driver.version: EdgeDriver
at org.openqa.selenium.remote.service.DriverFinder.getPath(DriverFinder.java:25)
at org.openqa.selenium.remote.service.DriverFinder.getPath(DriverFinder.java:13)
at org.openqa.selenium.edge.EdgeDriver.generateExecutor(EdgeDriver.java:71)
at org.openqa.selenium.edge.EdgeDriver.<init>(EdgeDriver.java:60)
at org.openqa.selenium.edge.EdgeDriver.<init>(EdgeDriver.java:56)
at org.openqa.selenium.edge.EdgeDriver.<init>(EdgeDriver.java:48)
at org.openqa.selenium.edge.EdgeDriver.<init>(EdgeDriver.java:44)
at vtiger.GenericUtilities.BaseClassForGroup.beforeClassConfiguration(BaseClassForGroup.java:44)
at java.base/java.util.concurrent.FutureTask.run(FutureTask.java:264)
at java.base/java.util.concurrent.ThreadPoolExecutor.runWorker(ThreadPoolExecutor.java:1136)
at java.base/java.util.concurrent.ThreadPoolExecutor$Worker.run(ThreadPoolExecutor.java:635)
at java.base/java.lang.Thread.run(Thread.java:833)
Caused by: org.openqa.selenium.WebDriverException: Command failed with code: 65, executed: [--browser, MicrosoftEdge, --output, json]
request or response body error: error reading a body from connection: cannot decrypt peer's message
Build info: version: '4.12.1', revision: '8e34639b11'
System info: os.name: 'Windows 11', os.arch: 'amd64', os.version: '10.0', java.version: '17.0.2'
Driver info: driver.version: EdgeDriver
at org.openqa.selenium.manager.SeleniumManager.runCommand(SeleniumManager.java:144)
at org.openqa.selenium.manager.SeleniumManager.getDriverPath(SeleniumManager.java:299)
at org.openqa.selenium.remote.service.DriverFinder.getPath(DriverFinder.java:22)
... 25 more
... Removed 14 stack frames]]>
    </failure>
  </testcase> <!-- @BeforeTest beforeClassConfiguration -->
  <testcase classname="vtiger.GenericUtilities.BaseClassForGroup" name="@BeforeMethod beforeMethodConfiguration" time="0.0">
    <skipped/>
  </testcase> <!-- @BeforeMethod beforeMethodConfiguration -->
  <testcase classname="vtiger.GenericUtilities.BaseClassForGroup" name="@AfterMethod afterMethodConfiguration" time="0.0">
    <skipped/>
  </testcase> <!-- @AfterMethod afterMethodConfiguration -->
  <testcase classname="vtiger.GenericUtilities.BaseClassForGroup" name="@AfterClass afterClassConfiguration" time="0.0">
    <skipped/>
  </testcase> <!-- @AfterClass afterClassConfiguration -->
  <testcase classname="testNg.ToCreateContactForGroupsTest" name="createOrganization" time="11.351"/>
</testsuite> <!-- Test1 -->
